#
# A fatal error has been detected by the Java Runtime Environment:
#
#  EXCEPTION_ACCESS_VIOLATION (0xc0000005) at pc=0x000000006fe1874f, pid=3820, tid=0x0000000000002674
#
# JRE version: Java(TM) SE Runtime Environment (8.0_281-b09) (build 1.8.0_281-b09)
# Java VM: Java HotSpot(TM) 64-Bit Server VM (25.281-b09 mixed mode windows-amd64 compressed oops)
# Problematic frame:
# V  [jvm.dll+0x13874f]
#
# Failed to write core dump. Minidumps are not enabled by default on client versions of Windows
#
# If you would like to submit a bug report, please visit:
#   http://bugreport.java.com/bugreport/crash.jsp
#

---------------  T H R E A D  ---------------

Current thread (0x000001cf97a83000):  VMThread [stack: 0x000000a6dba00000,0x000000a6dbb00000] [id=9844]

siginfo: ExceptionCode=0xc0000005, reading address 0x00000000000800f8

Registers:
RAX=0x000001cf9bc35908, RBX=0x0000000000000003, RCX=0x0000000000080000, RDX=0x0000000070472190
RSP=0x000000a6dbaff270, RBP=0x0000000000000018, RSI=0x0000000000000000, RDI=0x000000010023dfd8
R8 =0x000001cf99ee9bc0, R9 =0x00000000000001fe, R10=0x0000000000000000, R11=0x000000a6dbaff268
R12=0x00000000702a9590, R13=0x00000000704720c0, R14=0x0000000070472190, R15=0x0000000000000000
RIP=0x000000006fe1874f, EFLAGS=0x0000000000010202

Top of Stack: (sp=0x000000a6dbaff270)
0x000000a6dbaff270:   000001cf9bc77c48 000000006fd1bccc
0x000000a6dbaff280:   000001cf9bc77980 000001cf9bc77980
0x000000a6dbaff290:   00000000702aa188 0000000070472190
0x000000a6dbaff2a0:   0000000000000000 000000006fdee136
0x000000a6dbaff2b0:   0000000100240078 0000000000000003
0x000000a6dbaff2c0:   0000000000000018 000001cf89461de0
0x000000a6dbaff2d0:   0000000070472190 000000006fe0d8a7
0x000000a6dbaff2e0:   000000a6dbaff350 0000000000000001
0x000000a6dbaff2f0:   000000010023d450 000000010023dfd8
0x000000a6dbaff300:   00000000702a9590 00000000000001fe
0x000000a6dbaff310:   ffffffffffffff00 0000000000000004
0x000000a6dbaff320:   0000000000000063 00000000000001fe
0x000000a6dbaff330:   0000000000000000 000001cf99ee9bc0
0x000000a6dbaff340:   0000000000000000 0000000000000001
0x000000a6dbaff350:   0000000070472130 0000000000000000
0x000000a6dbaff360:   000000a6dbaff470 00000000700b1060 

Instructions: (pc=0x000000006fe1874f)
0x000000006fe1872f:   5e 41 5c 5d 5b c3 cc cc cc cc cc cc cc cc cc cc
0x000000006fe1873f:   cc 48 89 5c 24 10 48 89 6c 24 18 56 48 83 ec 30
0x000000006fe1874f:   83 b9 f8 00 00 00 00 48 8b ea 48 8b f1 7e 6e 48
0x000000006fe1875f:   81 c1 00 01 00 00 e8 b6 0f 00 00 48 8b d8 48 85 


Register to memory mapping:

RAX={method} {0x000001cf9bc35910} '
[error occurred during error reporting (printing register info), id 0xc0000005]

Stack: [0x000000a6dba00000,0x000000a6dbb00000],  sp=0x000000a6dbaff270,  free space=1020k
Native frames: (J=compiled Java code, j=interpreted, Vv=VM code, C=native code)
V  [jvm.dll+0x13874f]
V  [jvm.dll+0x10e136]
V  [jvm.dll+0x12d8a7]
V  [jvm.dll+0x3d1060]
V  [jvm.dll+0x3d05aa]
V  [jvm.dll+0x3d46ef]
V  [jvm.dll+0x3c5074]
V  [jvm.dll+0x3d7b16]
V  [jvm.dll+0x245447]
V  [jvm.dll+0x243bb5]
V  [jvm.dll+0x24432c]
V  [jvm.dll+0x24463c]
V  [jvm.dll+0x291cbc]
C  [ucrtbase.dll+0x210b2]
C  [KERNEL32.DLL+0x17c24]
C  [ntdll.dll+0x6d721]

VM_Operation (0x000000a6de0fe220): ParallelGCFailedAllocation, mode: safepoint, requested by thread 0x000001cfa09a7000


---------------  P R O C E S S  ---------------

Java Threads: ( => current thread )
  0x000001cfa09a1800 JavaThread "Cache worker for execution history cache (D:\react-native\FSMPHARMA\android\.gradle\5.5\executionHistory)" [_thread_blocked, id=1596, stack(0x000000a6de300000,0x000000a6de400000)]
  0x000001cfa09a8800 JavaThread "Execution worker for ':' Thread 3" [_thread_blocked, id=2456, stack(0x000000a6de200000,0x000000a6de300000)]
  0x000001cfa09a7800 JavaThread "Execution worker for ':' Thread 2" [_thread_blocked, id=3968, stack(0x000000a6de100000,0x000000a6de200000)]
  0x000001cfa09a7000 JavaThread "Execution worker for ':'" [_thread_blocked, id=5904, stack(0x000000a6de000000,0x000000a6de100000)]
  0x000001cfa09a4800 JavaThread "Cache worker for file content cache (D:\react-native\FSMPHARMA\android\.gradle\5.5\fileContent)" [_thread_blocked, id=6020, stack(0x000000a6ddf00000,0x000000a6de000000)]
  0x000001cfa09a4000 JavaThread "Cache worker for Build Output Cleanup Cache (D:\react-native\FSMPHARMA\android\.gradle\buildOutputCleanup)" [_thread_blocked, id=7020, stack(0x000000a6ddd00000,0x000000a6dde00000)]
  0x000001cfa099e800 JavaThread "pool-6-thread-1" [_thread_blocked, id=4384, stack(0x000000a6ddc00000,0x000000a6ddd00000)]
  0x000001cfa09a0000 JavaThread "Build operations Thread 4" [_thread_blocked, id=1496, stack(0x000000a6dda00000,0x000000a6ddb00000)]
  0x000001cfa09a1000 JavaThread "Build operations Thread 3" [_thread_blocked, id=8952, stack(0x000000a6dd900000,0x000000a6dda00000)]
  0x000001cfa099f800 JavaThread "Build operations Thread 2" [_thread_blocked, id=956, stack(0x000000a6dd800000,0x000000a6dd900000)]
  0x000001cfa09a3000 JavaThread "Build operations" [_thread_blocked, id=2220, stack(0x000000a6dd700000,0x000000a6dd800000)]
  0x000001cf9c02e000 JavaThread "Cache worker for cache directory md-rule (C:\Users\hp\.gradle\caches\5.5\md-rule)" [_thread_blocked, id=1124, stack(0x000000a6dd600000,0x000000a6dd700000)]
  0x000001cf9c02c000 JavaThread "Cache worker for cache directory md-supplier (C:\Users\hp\.gradle\caches\5.5\md-supplier)" [_thread_blocked, id=3404, stack(0x000000a6dd500000,0x000000a6dd600000)]
  0x000001cf9c02d800 JavaThread "Cache worker for file hash cache (D:\react-native\FSMPHARMA\android\.gradle\5.5\fileHashes)" [_thread_blocked, id=3184, stack(0x000000a6dd300000,0x000000a6dd400000)]
  0x000001cf9c02a800 JavaThread "Thread-116" [_thread_blocked, id=8060, stack(0x000000a6dd200000,0x000000a6dd300000)]
  0x000001cf9c029800 JavaThread "Stdin handler" [_thread_blocked, id=10116, stack(0x000000a6dd100000,0x000000a6dd200000)]
  0x000001cf9c02f000 JavaThread "Asynchronous log dispatcher for DefaultDaemonConnection: socket connection from /127.0.0.1:49946 to /127.0.0.1:51283" [_thread_blocked, id=5436, stack(0x000000a6dcd00000,0x000000a6dce00000)]
  0x000001cf9c022000 JavaThread "Daemon worker Thread 6" [_thread_blocked, id=4916, stack(0x000000a6dcc00000,0x000000a6dcd00000)]
  0x000001cf9c023800 JavaThread "Cancel handler" [_thread_blocked, id=10112, stack(0x000000a6dca00000,0x000000a6dcb00000)]
  0x000001cf9c029000 JavaThread "Handler for socket connection from /127.0.0.1:49946 to /127.0.0.1:51283" [_thread_in_native, id=1236, stack(0x000000a6dc800000,0x000000a6dc900000)]
  0x000001cf9c025000 JavaThread "Daemon Thread 6" [_thread_blocked, id=9648, stack(0x000000a6dc700000,0x000000a6dc800000)]
  0x000001cf9c021800 JavaThread "AWT-Windows" daemon [_thread_in_native, id=8324, stack(0x000000a6dcb00000,0x000000a6dcc00000)]
  0x000001cf9c024800 JavaThread "Java2D Disposer" daemon [_thread_blocked, id=9808, stack(0x000000a6dc900000,0x000000a6dca00000)]
  0x000001cf9c02b000 JavaThread "Device List Monitor" [_thread_in_native, id=9104, stack(0x000000a6db400000,0x000000a6db500000)]
  0x000001cf9c02f800 JavaThread "Monitor" [_thread_in_native, id=1444, stack(0x000000a6db300000,0x000000a6db400000)]
  0x000001cf9c028000 JavaThread "Cache worker for file content cache (C:\Users\hp\.gradle\caches\5.5\fileContent)" [_thread_blocked, id=3888, stack(0x000000a6dde00000,0x000000a6ddf00000)]
  0x000001cf9c026000 JavaThread "Memory manager" [_thread_blocked, id=4056, stack(0x000000a6ddb00000,0x000000a6ddc00000)]
  0x000001cf99e04000 JavaThread "Cache worker for execution history cache (C:\Users\hp\.gradle\caches\5.5\executionHistory)" [_thread_blocked, id=8172, stack(0x000000a6dd400000,0x000000a6dd500000)]
  0x000001cf99e05800 JavaThread "Cache worker for journal cache (C:\Users\hp\.gradle\caches\journal-1)" [_thread_blocked, id=9904, stack(0x000000a6dd000000,0x000000a6dd100000)]
  0x000001cf99e04800 JavaThread "File lock request listener" [_thread_in_native, id=9284, stack(0x000000a6dcf00000,0x000000a6dd000000)]
  0x000001cf99e01800 JavaThread "Cache worker for file hash cache (C:\Users\hp\.gradle\caches\5.5\fileHashes)" [_thread_blocked, id=10020, stack(0x000000a6dce00000,0x000000a6dcf00000)]
  0x000001cf99c5b800 JavaThread "Daemon periodic checks" [_thread_blocked, id=2368, stack(0x000000a6dc600000,0x000000a6dc700000)]
  0x000001cf99c4a800 JavaThread "Incoming local TCP Connector on port 49946" [_thread_in_native, id=9232, stack(0x000000a6dc500000,0x000000a6dc600000)]
  0x000001cf988cb800 JavaThread "Daemon health stats" [_thread_blocked, id=3960, stack(0x000000a6dc400000,0x000000a6dc500000)]
  0x000001cf97b43000 JavaThread "Service Thread" daemon [_thread_blocked, id=9948, stack(0x000000a6dc200000,0x000000a6dc300000)]
  0x000001cf97ad3800 JavaThread "C1 CompilerThread2" daemon [_thread_blocked, id=9880, stack(0x000000a6dc100000,0x000000a6dc200000)]
  0x000001cf97acd800 JavaThread "C2 CompilerThread1" daemon [_thread_blocked, id=5964, stack(0x000000a6dc000000,0x000000a6dc100000)]
  0x000001cf97acb000 JavaThread "C2 CompilerThread0" daemon [_thread_blocked, id=1856, stack(0x000000a6dbf00000,0x000000a6dc000000)]
  0x000001cf97ac8000 JavaThread "Attach Listener" daemon [_thread_blocked, id=9836, stack(0x000000a6dbe00000,0x000000a6dbf00000)]
  0x000001cf97ac6000 JavaThread "Signal Dispatcher" daemon [_thread_blocked, id=3440, stack(0x000000a6dbd00000,0x000000a6dbe00000)]
  0x000001cf97376800 JavaThread "Finalizer" daemon [_thread_blocked, id=7904, stack(0x000000a6dbc00000,0x000000a6dbd00000)]
  0x000001cf9736f000 JavaThread "Reference Handler" daemon [_thread_blocked, id=9840, stack(0x000000a6dbb00000,0x000000a6dbc00000)]
  0x000001cf84a35000 JavaThread "main" [_thread_blocked, id=7372, stack(0x000000a6db500000,0x000000a6db600000)]

Other Threads:
=>0x000001cf97a83000 VMThread [stack: 0x000000a6dba00000,0x000000a6dbb00000] [id=9844]
  0x000001cf97b1e800 WatcherThread [stack: 0x000000a6dc300000,0x000000a6dc400000] [id=10076]

VM state:at safepoint (normal execution)

VM Mutex/Monitor currently owned by a thread:  ([mutex/lock_event])
[0x000001cf84a33270] Threads_lock - owner thread: 0x000001cf97a83000
[0x000001cf84a320f0] Heap_lock - owner thread: 0x000001cfa09a7000

heap address: 0x00000000e0000000, size: 512 MB, Compressed Oops mode: 32-bit
Narrow klass base: 0x0000000000000000, Narrow klass shift: 3
Compressed class space size: 1073741824 Address: 0x0000000100000000

Heap:
 PSYoungGen      total 140800K, used 19280K [0x00000000f5580000, 0x0000000100000000, 0x0000000100000000)
  eden space 107008K, 0% used [0x00000000f5580000,0x00000000f5580000,0x00000000fbe00000)
  from space 33792K, 57% used [0x00000000fbe00000,0x00000000fd0d4050,0x00000000fdf00000)
  to   space 33792K, 0% used [0x00000000fdf00000,0x00000000fdf00000,0x0000000100000000)
 ParOldGen       total 224768K, used 211827K [0x00000000e0000000, 0x00000000edb80000, 0x00000000f5580000)
  object space 224768K, 94% used [0x00000000e0000000,0x00000000ecedcd10,0x00000000edb80000)
 Metaspace       used 76380K, capacity 81908K, committed 82008K, reserved 1120256K
  class space    used 10080K, capacity 11350K, committed 11352K, reserved 1048576K

Card table byte_map: [0x000001cf957c0000,0x000001cf958d0000] byte_map_base: 0x000001cf950c0000

Marking Bits: (ParMarkBitMap*) 0x00000000704c6ff0
 Begin Bits: [0x000001cf95980000, 0x000001cf96180000)
 End Bits:   [0x000001cf96180000, 0x000001cf96980000)

Polling page: 0x000001cf84bf0000

CodeCache: size=245760Kb used=49254Kb max_used=49291Kb free=196505Kb
 bounds [0x000001cf86400000, 0x000001cf89480000, 0x000001cf95400000]
 total_blobs=14987 nmethods=14122 adapters=775
 compilation: enabled

Compilation events (10 events):
Event: 4114.961 Thread 0x000001cf97ad3800 nmethod 17644 0x000001cf87d8bb10 code [0x000001cf87d8bca0, 0x000001cf87d8c280]
Event: 4115.216 Thread 0x000001cf97ad3800 17645       3       com.google.common.collect.Iterators::transform (15 bytes)
Event: 4115.217 Thread 0x000001cf97ad3800 nmethod 17645 0x000001cf87d8b090 code [0x000001cf87d8b240, 0x000001cf87d8b7e0]
Event: 4115.217 Thread 0x000001cf97ad3800 17646       3       com.google.common.collect.Iterators$6::<init> (11 bytes)
Event: 4115.217 Thread 0x000001cf97ad3800 nmethod 17646 0x000001cf86e2d3d0 code [0x000001cf86e2d560, 0x000001cf86e2d8f0]
Event: 4115.378 Thread 0x000001cf97acd800 nmethod 17639 0x000001cf89461590 code [0x000001cf89461de0, 0x000001cf89469740]
Event: 4115.501 Thread 0x000001cf97acb000 17647       4       com.google.common.collect.CompactHashMap::get (27 bytes)
Event: 4115.504 Thread 0x000001cf97ad3800 17648       3       com.google.common.collect.Iterables$5::iterator (17 bytes)
Event: 4115.505 Thread 0x000001cf97ad3800 nmethod 17648 0x000001cf86e2c6d0 code [0x000001cf86e2c8a0, 0x000001cf86e2cf90]
Event: 4115.505 Thread 0x000001cf97acb000 nmethod 17647 0x000001cf88412450 code [0x000001cf884125c0, 0x000001cf88412938]

GC Heap History (10 events):
Event: 3857.186 GC heap after
Heap after GC invocations=35 (full 4):
 PSYoungGen      total 139264K, used 20160K [0x00000000f5580000, 0x0000000100000000, 0x0000000100000000)
  eden space 107520K, 0% used [0x00000000f5580000,0x00000000f5580000,0x00000000fbe80000)
  from space 31744K, 63% used [0x00000000fbe80000,0x00000000fd230030,0x00000000fdd80000)
  to   space 32768K, 0% used [0x00000000fe000000,0x00000000fe000000,0x0000000100000000)
 ParOldGen       total 224768K, used 160178K [0x00000000e0000000, 0x00000000edb80000, 0x00000000f5580000)
  object space 224768K, 71% used [0x00000000e0000000,0x00000000e9c6c808,0x00000000edb80000)
 Metaspace       used 76062K, capacity 81560K, committed 81752K, reserved 1120256K
  class space    used 10064K, capacity 11324K, committed 11352K, reserved 1048576K
}
Event: 3858.494 GC heap before
{Heap before GC invocations=36 (full 4):
 PSYoungGen      total 139264K, used 127680K [0x00000000f5580000, 0x0000000100000000, 0x0000000100000000)
  eden space 107520K, 100% used [0x00000000f5580000,0x00000000fbe80000,0x00000000fbe80000)
  from space 31744K, 63% used [0x00000000fbe80000,0x00000000fd230030,0x00000000fdd80000)
  to   space 32768K, 0% used [0x00000000fe000000,0x00000000fe000000,0x0000000100000000)
 ParOldGen       total 224768K, used 160178K [0x00000000e0000000, 0x00000000edb80000, 0x00000000f5580000)
  object space 224768K, 71% used [0x00000000e0000000,0x00000000e9c6c808,0x00000000edb80000)
 Metaspace       used 76084K, capacity 81560K, committed 81752K, reserved 1120256K
  class space    used 10064K, capacity 11324K, committed 11352K, reserved 1048576K
Event: 3858.536 GC heap after
Heap after GC invocations=36 (full 4):
 PSYoungGen      total 140800K, used 10208K [0x00000000f5580000, 0x00000000ffe00000, 0x0000000100000000)
  eden space 110080K, 0% used [0x00000000f5580000,0x00000000f5580000,0x00000000fc100000)
  from space 30720K, 33% used [0x00000000fe000000,0x00000000fe9f8040,0x00000000ffe00000)
  to   space 31232K, 0% used [0x00000000fc100000,0x00000000fc100000,0x00000000fdf80000)
 ParOldGen       total 224768K, used 180003K [0x00000000e0000000, 0x00000000edb80000, 0x00000000f5580000)
  object space 224768K, 80% used [0x00000000e0000000,0x00000000eafc8c40,0x00000000edb80000)
 Metaspace       used 76084K, capacity 81560K, committed 81752K, reserved 1120256K
  class space    used 10064K, capacity 11324K, committed 11352K, reserved 1048576K
}
Event: 4104.466 GC heap before
{Heap before GC invocations=37 (full 4):
 PSYoungGen      total 140800K, used 120288K [0x00000000f5580000, 0x00000000ffe00000, 0x0000000100000000)
  eden space 110080K, 100% used [0x00000000f5580000,0x00000000fc100000,0x00000000fc100000)
  from space 30720K, 33% used [0x00000000fe000000,0x00000000fe9f8040,0x00000000ffe00000)
  to   space 31232K, 0% used [0x00000000fc100000,0x00000000fc100000,0x00000000fdf80000)
 ParOldGen       total 224768K, used 180003K [0x00000000e0000000, 0x00000000edb80000, 0x00000000f5580000)
  object space 224768K, 80% used [0x00000000e0000000,0x00000000eafc8c40,0x00000000edb80000)
 Metaspace       used 76152K, capacity 81700K, committed 81752K, reserved 1120256K
  class space    used 10066K, capacity 11326K, committed 11352K, reserved 1048576K
Event: 4104.482 GC heap after
Heap after GC invocations=37 (full 4):
 PSYoungGen      total 141312K, used 2529K [0x00000000f5580000, 0x0000000100000000, 0x0000000100000000)
  eden space 110080K, 0% used [0x00000000f5580000,0x00000000f5580000,0x00000000fc100000)
  from space 31232K, 8% used [0x00000000fc100000,0x00000000fc3786b8,0x00000000fdf80000)
  to   space 31232K, 0% used [0x00000000fe180000,0x00000000fe180000,0x0000000100000000)
 ParOldGen       total 224768K, used 187219K [0x00000000e0000000, 0x00000000edb80000, 0x00000000f5580000)
  object space 224768K, 83% used [0x00000000e0000000,0x00000000eb6d4d68,0x00000000edb80000)
 Metaspace       used 76152K, capacity 81700K, committed 81752K, reserved 1120256K
  class space    used 10066K, capacity 11326K, committed 11352K, reserved 1048576K
}
Event: 4113.447 GC heap before
{Heap before GC invocations=38 (full 4):
 PSYoungGen      total 141312K, used 112609K [0x00000000f5580000, 0x0000000100000000, 0x0000000100000000)
  eden space 110080K, 100% used [0x00000000f5580000,0x00000000fc100000,0x00000000fc100000)
  from space 31232K, 8% used [0x00000000fc100000,0x00000000fc3786b8,0x00000000fdf80000)
  to   space 31232K, 0% used [0x00000000fe180000,0x00000000fe180000,0x0000000100000000)
 ParOldGen       total 224768K, used 187219K [0x00000000e0000000, 0x00000000edb80000, 0x00000000f5580000)
  object space 224768K, 83% used [0x00000000e0000000,0x00000000eb6d4d68,0x00000000edb80000)
 Metaspace       used 76346K, capacity 81866K, committed 82008K, reserved 1120256K
  class space    used 10076K, capacity 11343K, committed 11352K, reserved 1048576K
Event: 4113.493 GC heap after
Heap after GC invocations=38 (full 4):
 PSYoungGen      total 138240K, used 23296K [0x00000000f5580000, 0x0000000100000000, 0x0000000100000000)
  eden space 107008K, 0% used [0x00000000f5580000,0x00000000f5580000,0x00000000fbe00000)
  from space 31232K, 74% used [0x00000000fe180000,0x00000000ff840010,0x0000000100000000)
  to   space 33792K, 0% used [0x00000000fbe00000,0x00000000fbe00000,0x00000000fdf00000)
 ParOldGen       total 224768K, used 189473K [0x00000000e0000000, 0x00000000edb80000, 0x00000000f5580000)
  object space 224768K, 84% used [0x00000000e0000000,0x00000000eb908680,0x00000000edb80000)
 Metaspace       used 76346K, capacity 81866K, committed 82008K, reserved 1120256K
  class space    used 10076K, capacity 11343K, committed 11352K, reserved 1048576K
}
Event: 4115.516 GC heap before
{Heap before GC invocations=39 (full 4):
 PSYoungGen      total 138240K, used 130304K [0x00000000f5580000, 0x0000000100000000, 0x0000000100000000)
  eden space 107008K, 100% used [0x00000000f5580000,0x00000000fbe00000,0x00000000fbe00000)
  from space 31232K, 74% used [0x00000000fe180000,0x00000000ff840010,0x0000000100000000)
  to   space 33792K, 0% used [0x00000000fbe00000,0x00000000fbe00000,0x00000000fdf00000)
 ParOldGen       total 224768K, used 189473K [0x00000000e0000000, 0x00000000edb80000, 0x00000000f5580000)
  object space 224768K, 84% used [0x00000000e0000000,0x00000000eb908680,0x00000000edb80000)
 Metaspace       used 76380K, capacity 81908K, committed 82008K, reserved 1120256K
  class space    used 10080K, capacity 11350K, committed 11352K, reserved 1048576K
Event: 4115.563 GC heap after
Heap after GC invocations=39 (full 4):
 PSYoungGen      total 140800K, used 19280K [0x00000000f5580000, 0x0000000100000000, 0x0000000100000000)
  eden space 107008K, 0% used [0x00000000f5580000,0x00000000f5580000,0x00000000fbe00000)
  from space 33792K, 57% used [0x00000000fbe00000,0x00000000fd0d4050,0x00000000fdf00000)
  to   space 33792K, 0% used [0x00000000fdf00000,0x00000000fdf00000,0x0000000100000000)
 ParOldGen       total 224768K, used 211827K [0x00000000e0000000, 0x00000000edb80000, 0x00000000f5580000)
  object space 224768K, 94% used [0x00000000e0000000,0x00000000ecedcd10,0x00000000edb80000)
 Metaspace       used 76380K, capacity 81908K, committed 82008K, reserved 1120256K
  class space    used 10080K, capacity 11350K, committed 11352K, reserved 1048576K
}
Event: 4115.563 GC heap before
{Heap before GC invocations=40 (full 5):
 PSYoungGen      total 140800K, used 19280K [0x00000000f5580000, 0x0000000100000000, 0x0000000100000000)
  eden space 107008K, 0% used [0x00000000f5580000,0x00000000f5580000,0x00000000fbe00000)
  from space 33792K, 57% used [0x00000000fbe00000,0x00000000fd0d4050,0x00000000fdf00000)
  to   space 33792K, 0% used [0x00000000fdf00000,0x00000000fdf00000,0x0000000100000000)
 ParOldGen       total 224768K, used 211827K [0x00000000e0000000, 0x00000000edb80000, 0x00000000f5580000)
  object space 224768K, 94% used [0x00000000e0000000,0x00000000ecedcd10,0x00000000edb80000)
 Metaspace       used 76380K, capacity 81908K, committed 82008K, reserved 1120256K
  class space    used 10080K, capacity 11350K, committed 11352K, reserved 1048576K

Deoptimization events (10 events):
Event: 3848.037 Thread 0x000001cfa09a4800 Uncommon trap: reason=class_check action=maybe_recompile pc=0x000001cf884c18f4 method=org.gradle.internal.work.DefaultWorkerLeaseService$DefaultWorkerLease.acquireLock()Z @ 4
Event: 3852.808 Thread 0x000001cfa09a4800 Uncommon trap: reason=class_check action=maybe_recompile pc=0x000001cf883833bc method=com.google.common.collect.CompactHashMap$Itr.<init>(Lcom/google/common/collect/CompactHashMap;)V @ 25
Event: 3852.901 Thread 0x000001cfa09a8800 Uncommon trap: reason=bimorphic action=maybe_recompile pc=0x000001cf8794916c method=com.google.common.base.Objects.equal(Ljava/lang/Object;Ljava/lang/Object;)Z @ 11
Event: 3852.902 Thread 0x000001cfa09ab800 Uncommon trap: reason=bimorphic action=maybe_recompile pc=0x000001cf8794b3e0 method=com.google.common.base.Objects.equal(Ljava/lang/Object;Ljava/lang/Object;)Z @ 11
Event: 3852.924 Thread 0x000001cfa09a4800 Uncommon trap: reason=class_check action=maybe_recompile pc=0x000001cf88352160 method=java.security.MessageDigest$Delegate.clone()Ljava/lang/Object; @ 4
Event: 3857.465 Thread 0x000001cf9c029000 Uncommon trap: reason=class_check action=maybe_recompile pc=0x000001cf886985e4 method=org.gradle.api.internal.artifacts.ivyservice.ivyresolve.ErrorHandlingModuleComponentRepository$ErrorHandlingModuleComponentRepositoryAccess.lambda$resolveArtifact$15(Lor
Event: 3859.431 Thread 0x000001cf9c029000 Uncommon trap: reason=array_check action=maybe_recompile pc=0x000001cf88fd583c method=java.util.TimSort.binarySort([Ljava/lang/Object;IIILjava/util/Comparator;)V @ 215
Event: 3859.533 Thread 0x000001cf9c029000 Uncommon trap: reason=unstable_if action=reinterpret pc=0x000001cf8895feb0 method=sun.nio.ch.IOUtil.writeFromNativeBuffer(Ljava/io/FileDescriptor;Ljava/nio/ByteBuffer;JLsun/nio/ch/NativeDispatcher;)I @ 121
Event: 3859.533 Thread 0x000001cf9c029000 Uncommon trap: reason=unstable_if action=reinterpret pc=0x000001cf889d97d0 method=sun.nio.ch.SocketChannelImpl.write(Ljava/nio/ByteBuffer;)I @ 204
Event: 4115.477 Thread 0x000001cfa09a8800 Uncommon trap: reason=class_check action=maybe_recompile pc=0x000001cf884f56b0 method=com.google.common.cache.LocalCache$Segment.get(Ljava/lang/Object;ILcom/google/common/cache/CacheLoader;)Ljava/lang/Object; @ 108

Classes redefined (0 events):
No events

Internal exceptions (10 events):
Event: 3867.991 Thread 0x000001cfa09a4800 Exception <a 'sun/nio/fs/WindowsException'> (0x00000000fb0487b0) thrown at [C:\jenkins\workspace\8-2-build-windows-amd64-cygwin\jdk8u281\880\hotspot\src\share\vm\prims\jni.cpp, line 710]
Event: 3867.991 Thread 0x000001cfa09a4800 Exception <a 'sun/nio/fs/WindowsException'> (0x00000000fb04a1d8) thrown at [C:\jenkins\workspace\8-2-build-windows-amd64-cygwin\jdk8u281\880\hotspot\src\share\vm\prims\jni.cpp, line 710]
Event: 3867.992 Thread 0x000001cfa09a4800 Exception <a 'sun/nio/fs/WindowsException'> (0x00000000fb04bbe0) thrown at [C:\jenkins\workspace\8-2-build-windows-amd64-cygwin\jdk8u281\880\hotspot\src\share\vm\prims\jni.cpp, line 710]
Event: 3867.993 Thread 0x000001cfa09a4800 Exception <a 'sun/nio/fs/WindowsException'> (0x00000000fb04d640) thrown at [C:\jenkins\workspace\8-2-build-windows-amd64-cygwin\jdk8u281\880\hotspot\src\share\vm\prims\jni.cpp, line 710]
Event: 3867.993 Thread 0x000001cfa09a4800 Exception <a 'sun/nio/fs/WindowsException'> (0x00000000fb04f048) thrown at [C:\jenkins\workspace\8-2-build-windows-amd64-cygwin\jdk8u281\880\hotspot\src\share\vm\prims\jni.cpp, line 710]
Event: 3867.994 Thread 0x000001cfa09a4800 Exception <a 'sun/nio/fs/WindowsException'> (0x00000000fb050a88) thrown at [C:\jenkins\workspace\8-2-build-windows-amd64-cygwin\jdk8u281\880\hotspot\src\share\vm\prims\jni.cpp, line 710]
Event: 3867.994 Thread 0x000001cfa09a4800 Exception <a 'sun/nio/fs/WindowsException'> (0x00000000fb0524b8) thrown at [C:\jenkins\workspace\8-2-build-windows-amd64-cygwin\jdk8u281\880\hotspot\src\share\vm\prims\jni.cpp, line 710]
Event: 4104.538 Thread 0x000001cf9c022000 Exception <a 'sun/nio/fs/WindowsException'> (0x00000000f59852e8) thrown at [C:\jenkins\workspace\8-2-build-windows-amd64-cygwin\jdk8u281\880\hotspot\src\share\vm\prims\jni.cpp, line 710]
Event: 4112.453 Thread 0x000001cf9c022000 Implicit null exception at 0x000001cf8810b6b2 to 0x000001cf8810bd66
Event: 4112.453 Thread 0x000001cf9c022000 Exception <a 'java/lang/NullPointerException'> (0x00000000f8267968) thrown at [C:\jenkins\workspace\8-2-build-windows-amd64-cygwin\jdk8u281\880\hotspot\src\share\vm\runtime\sharedRuntime.cpp, line 609]

Events (10 events):
Event: 4115.463 Executing VM operation: RevokeBias
Event: 4115.464 Executing VM operation: RevokeBias done
Event: 4115.477 Thread 0x000001cfa09a8800 Uncommon trap: trap_request=0xffffffde fr.pc=0x000001cf884f56b0
Event: 4115.477 Thread 0x000001cfa09a8800 DEOPT PACKING pc=0x000001cf884f56b0 sp=0x000000a6de2fecf0
Event: 4115.477 Thread 0x000001cfa09a8800 DEOPT UNPACKING pc=0x000001cf86445843 sp=0x000000a6de2fe9c8 mode 2
Event: 4115.481 Executing VM operation: RevokeBias
Event: 4115.481 Executing VM operation: RevokeBias done
Event: 4115.501 Executing VM operation: RevokeBias
Event: 4115.502 Executing VM operation: RevokeBias done
Event: 4115.516 Executing VM operation: ParallelGCFailedAllocation


Dynamic libraries:
0x00007ff7bd240000 - 0x00007ff7bd287000 	C:\Program Files\Java\jdk1.8.0_281\bin\java.exe
0x00007ffb54a40000 - 0x00007ffb54c30000 	C:\Windows\SYSTEM32\ntdll.dll
0x00007ffb534f0000 - 0x00007ffb535a2000 	C:\Windows\System32\KERNEL32.DLL
0x00007ffb52370000 - 0x00007ffb52615000 	C:\Windows\System32\KERNELBASE.dll
0x00007ffb53440000 - 0x00007ffb534e3000 	C:\Windows\System32\ADVAPI32.dll
0x00007ffb52db0000 - 0x00007ffb52e4e000 	C:\Windows\System32\msvcrt.dll
0x00007ffb530e0000 - 0x00007ffb53177000 	C:\Windows\System32\sechost.dll
0x00007ffb54540000 - 0x00007ffb5465f000 	C:\Windows\System32\RPCRT4.dll
0x00007ffb52af0000 - 0x00007ffb52c84000 	C:\Windows\System32\USER32.dll
0x00007ffb528c0000 - 0x00007ffb528e1000 	C:\Windows\System32\win32u.dll
0x00007ffb52f30000 - 0x00007ffb52f56000 	C:\Windows\System32\GDI32.dll
0x00007ffb52720000 - 0x00007ffb528b8000 	C:\Windows\System32\gdi32full.dll
0x00007ffb529f0000 - 0x00007ffb52a8e000 	C:\Windows\System32\msvcp_win.dll
0x00007ffb52620000 - 0x00007ffb5271a000 	C:\Windows\System32\ucrtbase.dll
0x00007ffb48b30000 - 0x00007ffb48db4000 	C:\Windows\WinSxS\amd64_microsoft.windows.common-controls_6595b64144ccf1df_6.0.18362.1500_none_9e79be6de462295c\COMCTL32.dll
0x00007ffb546c0000 - 0x00007ffb549f6000 	C:\Windows\System32\combase.dll
0x00007ffb51b60000 - 0x00007ffb51be1000 	C:\Windows\System32\bcryptPrimitives.dll
0x00007ffb53340000 - 0x00007ffb5336e000 	C:\Windows\System32\IMM32.DLL
0x00007ffb41210000 - 0x00007ffb41225000 	C:\Program Files\Java\jdk1.8.0_281\jre\bin\vcruntime140.dll
0x00007ffb41170000 - 0x00007ffb4120b000 	C:\Program Files\Java\jdk1.8.0_281\jre\bin\msvcp140.dll
0x000000006fce0000 - 0x000000007053f000 	C:\Program Files\Java\jdk1.8.0_281\jre\bin\server\jvm.dll
0x00007ffb52f20000 - 0x00007ffb52f28000 	C:\Windows\System32\PSAPI.DLL
0x00007ffb4f320000 - 0x00007ffb4f344000 	C:\Windows\SYSTEM32\WINMM.dll
0x00007ffb49bf0000 - 0x00007ffb49bf9000 	C:\Windows\SYSTEM32\WSOCK32.dll
0x00007ffb52fc0000 - 0x00007ffb5302f000 	C:\Windows\System32\WS2_32.dll
0x00007ffb48400000 - 0x00007ffb4840a000 	C:\Windows\SYSTEM32\VERSION.dll
0x00007ffb4f2f0000 - 0x00007ffb4f31d000 	C:\Windows\SYSTEM32\WINMMBASE.dll
0x00007ffb529a0000 - 0x00007ffb529ea000 	C:\Windows\System32\cfgmgr32.dll
0x00007ffb51970000 - 0x00007ffb51981000 	C:\Windows\System32\kernel.appcore.dll
0x00007ffb4dc00000 - 0x00007ffb4dc10000 	C:\Program Files\Java\jdk1.8.0_281\jre\bin\verify.dll
0x00007ffb41140000 - 0x00007ffb4116b000 	C:\Program Files\Java\jdk1.8.0_281\jre\bin\java.dll
0x00007ffb41120000 - 0x00007ffb41138000 	C:\Program Files\Java\jdk1.8.0_281\jre\bin\zip.dll
0x00007ffb538c0000 - 0x00007ffb53fa8000 	C:\Windows\System32\SHELL32.dll
0x00007ffb54480000 - 0x00007ffb54527000 	C:\Windows\System32\shcore.dll
0x00007ffb51bf0000 - 0x00007ffb5236b000 	C:\Windows\System32\windows.storage.dll
0x00007ffb51950000 - 0x00007ffb5196e000 	C:\Windows\System32\profapi.dll
0x00007ffb51900000 - 0x00007ffb5194a000 	C:\Windows\System32\powrprof.dll
0x00007ffb518f0000 - 0x00007ffb51900000 	C:\Windows\System32\UMPDC.dll
0x00007ffb53fb0000 - 0x00007ffb54002000 	C:\Windows\System32\shlwapi.dll
0x00007ffb519b0000 - 0x00007ffb519c7000 	C:\Windows\System32\cryptsp.dll
0x00007ffb41100000 - 0x00007ffb4111c000 	C:\Program Files\Java\jdk1.8.0_281\jre\bin\net.dll
0x00007ffb51130000 - 0x00007ffb51197000 	C:\Windows\system32\mswsock.dll
0x00007ffb410e0000 - 0x00007ffb410f3000 	C:\Program Files\Java\jdk1.8.0_281\jre\bin\nio.dll
0x00007ffb41010000 - 0x00007ffb41036000 	C:\Users\hp\.gradle\native\29\windows-amd64\native-platform.dll
0x00007ffb40fe0000 - 0x00007ffb40fed000 	C:\Program Files\Java\jdk1.8.0_281\jre\bin\management.dll
0x00007ffb50cb0000 - 0x00007ffb50ce3000 	C:\Windows\system32\rsaenh.dll
0x00007ffb519d0000 - 0x00007ffb519f6000 	C:\Windows\System32\bcrypt.dll
0x00007ffb517e0000 - 0x00007ffb51805000 	C:\Windows\SYSTEM32\USERENV.dll
0x00007ffb51300000 - 0x00007ffb5130c000 	C:\Windows\SYSTEM32\CRYPTBASE.dll
0x00007ffb50e40000 - 0x00007ffb50e7a000 	C:\Windows\SYSTEM32\IPHLPAPI.DLL
0x00007ffb54530000 - 0x00007ffb54538000 	C:\Windows\System32\NSI.dll
0x00007ffb4a960000 - 0x00007ffb4a976000 	C:\Windows\SYSTEM32\dhcpcsvc6.DLL
0x00007ffb4a940000 - 0x00007ffb4a95c000 	C:\Windows\SYSTEM32\dhcpcsvc.DLL
0x00007ffb50e80000 - 0x00007ffb50f4b000 	C:\Windows\SYSTEM32\DNSAPI.dll
0x00007ffb05b00000 - 0x00007ffb05c95000 	C:\Program Files\Java\jdk1.8.0_281\jre\bin\awt.dll
0x00007ffb53370000 - 0x00007ffb53435000 	C:\Windows\System32\OLEAUT32.dll
0x00007ffb4fed0000 - 0x00007ffb4ff5f000 	C:\Windows\SYSTEM32\apphelp.dll
0x00007ffb4ff80000 - 0x00007ffb50019000 	C:\Windows\system32\uxtheme.dll
0x00007ffb53200000 - 0x00007ffb53335000 	C:\Windows\System32\MSCTF.dll
0x00007ffb535b0000 - 0x00007ffb53707000 	C:\Windows\System32\ole32.dll
0x00007ffb3e2a0000 - 0x00007ffb3e494000 	C:\Windows\SYSTEM32\dbghelp.dll

VM Arguments:
jvm_args: -XX:MaxMetaspaceSize=256m -XX:+HeapDumpOnOutOfMemoryError -Xms256m -Xmx512m -Dfile.encoding=windows-1252 -Duser.country=IN -Duser.language=en -Duser.variant 
java_command: org.gradle.launcher.daemon.bootstrap.GradleDaemon 5.5
java_class_path (initial): C:\Users\hp\.gradle\wrapper\dists\gradle-5.5-all\byeise1led9a3w3p149d02kfj\gradle-5.5\lib\gradle-launcher-5.5.jar
Launcher Type: SUN_STANDARD

Environment Variables:
JAVA_HOME=C:\Program Files\Java\jdk1.8.0_281\
CLASSPATH=D:\react-native\FSMPHARMA\android\\gradle\wrapper\gradle-wrapper.jar
PATH=D:\react-native\FSMPHARMA\node_modules\.bin;C:\Program Files (x86)\Common Files\Oracle\Java\javapath;C:\Windows\system32;C:\Windows;C:\Windows\System32\Wbem;C:\Windows\System32\WindowsPowerShell\v1.0\;C:\Windows\System32\OpenSSH\;C:\Program Files\Git\cmd;C:\Program Files\nodejs\;C:\Python27;C:\Users\hp\AppData\Local\Programs\Microsoft VS Code\bin;C:\Users\hp\AppData\Roaming\npm;C:\Python27\;C:\Users\hp\AppData\Local\Android\Sdk\platform-tools;
USERNAME=hp
OS=Windows_NT
PROCESSOR_IDENTIFIER=Intel64 Family 6 Model 42 Stepping 7, GenuineIntel



---------------  S Y S T E M  ---------------

OS: Windows 10.0 , 64 bit Build 18362 (10.0.18362.1500)

CPU:total 4 (initial active 4) (4 cores per cpu, 1 threads per core) family 6 model 42 stepping 7, cmov, cx8, fxsr, mmx, sse, sse2, sse3, ssse3, sse4.1, sse4.2, popcnt, avx, aes, clmul, tsc, tscinvbit

Memory: 4k page, physical 8255064k(1543044k free), swap 13760088k(4431140k free)

vm_info: Java HotSpot(TM) 64-Bit Server VM (25.281-b09) for windows-amd64 JRE (1.8.0_281-b09), built on Dec  9 2020 13:54:07 by "" with MS VC++ 15.9 (VS2017)

time: Tue Apr 20 11:42:13 2021
timezone: India Standard Time
elapsed time: 4116.007133 seconds (0d 1h 8m 36s)

